The target system is: Generic - 1 - sh
The host system is: Linux - 5.19.0-35-generic - x86_64
Compiling the C compiler identification source file "CMakeCCompilerId.c" succeeded.
Compiler: /home/leet/.local/bin/sh-elf-gcc 
Build flags: 
Id flags: -c 

The output was:
0


Compilation of the C compiler identification source "CMakeCCompilerId.c" produced "CMakeCCompilerId.o"

The C compiler identification is GNU, found in "/home/leet/projects/Rust-Simplex/src/build-cg/CMakeFiles/3.24.2/CompilerIdC/CMakeCCompilerId.o"

Compiling the CXX compiler identification source file "CMakeCXXCompilerId.cpp" succeeded.
Compiler: /home/leet/.local/bin/sh-elf-g++ 
Build flags: 
Id flags: -c 

The output was:
0


Compilation of the CXX compiler identification source "CMakeCXXCompilerId.cpp" produced "CMakeCXXCompilerId.o"

The CXX compiler identification is GNU, found in "/home/leet/projects/Rust-Simplex/src/build-cg/CMakeFiles/3.24.2/CompilerIdCXX/CMakeCXXCompilerId.o"

Detecting C compiler ABI info compiled with the following output:
Change Dir: /home/leet/projects/Rust-Simplex/src/build-cg/CMakeFiles/CMakeTmp

Run Build Command(s):/usr/bin/gmake -f Makefile cmTC_91edd/fast && /usr/bin/gmake  -f CMakeFiles/cmTC_91edd.dir/build.make CMakeFiles/cmTC_91edd.dir/build
gmake[1]: Entering directory '/home/leet/projects/Rust-Simplex/src/build-cg/CMakeFiles/CMakeTmp'
Building C object CMakeFiles/cmTC_91edd.dir/CMakeCCompilerABI.c.obj
/home/leet/.local/bin/sh-elf-gcc -DTARGET_FXCG50  -v -m4-nofpu -mb -ffreestanding -nostdlib -Wa,--dsp -o CMakeFiles/cmTC_91edd.dir/CMakeCCompilerABI.c.obj -c /usr/share/cmake-3.24/Modules/CMakeCCompilerABI.c
Using built-in specs.
COLLECT_AS_OPTIONS='--dsp'
COLLECT_GCC=/home/leet/.local/bin/sh-elf-gcc
Target: sh3eb-elf
Configured with: ../gcc-11.1.0/configure --prefix=/home/leet/.local/share/fxsdk/sysroot --target=sh3eb-elf --with-multilib-list=m3,m4-nofpu --enable-languages=c,c++ --without-headers --program-prefix=sh-elf- --enable-libssp --enable-lto --enable-clocale=generic --enable-libstdcxx-allocator --disable-threads --disable-libstdcxx-verbose --enable-cxx-flags=-fno-exceptions
Thread model: single
Supported LTO compression algorithms: zlib
gcc version 11.1.0 (GCC) 
COLLECT_GCC_OPTIONS='-D' 'TARGET_FXCG50' '-v' '-m4-nofpu' '-mb' '-ffreestanding' '-nostdlib' '-o' 'CMakeFiles/cmTC_91edd.dir/CMakeCCompilerABI.c.obj' '-c' '-dumpdir' 'CMakeFiles/cmTC_91edd.dir/'
 /home/leet/.local/share/fxsdk/sysroot/libexec/gcc/sh3eb-elf/11.1.0/cc1 -quiet -v -imultilib m4-nofpu -D TARGET_FXCG50 /usr/share/cmake-3.24/Modules/CMakeCCompilerABI.c -quiet -dumpdir CMakeFiles/cmTC_91edd.dir/ -dumpbase CMakeCCompilerABI.c.c -dumpbase-ext .c -m4-nofpu -mb -version -ffreestanding -o /tmp/ccH7Y2c4.s
GNU C17 (GCC) version 11.1.0 (sh3eb-elf)
	compiled by GNU C version 12.2.0, GMP version 6.1.0, MPFR version 3.1.4, MPC version 1.0.3, isl version isl-0.18-GMP

GGC heuristics: --param ggc-min-expand=100 --param ggc-min-heapsize=131072
ignoring nonexistent directory "/home/leet/.local/share/fxsdk/sysroot/lib/gcc/sh3eb-elf/11.1.0/../../../../sh3eb-elf/sys-include"
#include "..." search starts here:
#include <...> search starts here:
 /home/leet/.local/share/fxsdk/sysroot/lib/gcc/sh3eb-elf/11.1.0/include
 /home/leet/.local/share/fxsdk/sysroot/lib/gcc/sh3eb-elf/11.1.0/include-fixed
 /home/leet/.local/share/fxsdk/sysroot/lib/gcc/sh3eb-elf/11.1.0/../../../../sh3eb-elf/include
End of search list.
GNU C17 (GCC) version 11.1.0 (sh3eb-elf)
	compiled by GNU C version 12.2.0, GMP version 6.1.0, MPFR version 3.1.4, MPC version 1.0.3, isl version isl-0.18-GMP

GGC heuristics: --param ggc-min-expand=100 --param ggc-min-heapsize=131072
Compiler executable checksum: 95d81f54838af04987f1843d2c245d31
COLLECT_GCC_OPTIONS='-D' 'TARGET_FXCG50' '-v' '-m4-nofpu' '-mb' '-ffreestanding' '-nostdlib' '-o' 'CMakeFiles/cmTC_91edd.dir/CMakeCCompilerABI.c.obj' '-c' '-dumpdir' 'CMakeFiles/cmTC_91edd.dir/'
 /home/leet/.local/share/fxsdk/sysroot/lib/gcc/sh3eb-elf/11.1.0/../../../../sh3eb-elf/bin/as -big --isa=sh4a-nofpu --dsp -o CMakeFiles/cmTC_91edd.dir/CMakeCCompilerABI.c.obj /tmp/ccH7Y2c4.s
COMPILER_PATH=/home/leet/.local/share/fxsdk/sysroot/libexec/gcc/sh3eb-elf/11.1.0/:/home/leet/.local/share/fxsdk/sysroot/libexec/gcc/sh3eb-elf/11.1.0/:/home/leet/.local/share/fxsdk/sysroot/libexec/gcc/sh3eb-elf/:/home/leet/.local/share/fxsdk/sysroot/lib/gcc/sh3eb-elf/11.1.0/:/home/leet/.local/share/fxsdk/sysroot/lib/gcc/sh3eb-elf/:/home/leet/.local/share/fxsdk/sysroot/lib/gcc/sh3eb-elf/11.1.0/../../../../sh3eb-elf/bin/
LIBRARY_PATH=/home/leet/.local/share/fxsdk/sysroot/lib/gcc/sh3eb-elf/11.1.0/m4-nofpu/:/home/leet/.local/share/fxsdk/sysroot/lib/gcc/sh3eb-elf/11.1.0/:/home/leet/.local/share/fxsdk/sysroot/lib/gcc/sh3eb-elf/11.1.0/../../../../sh3eb-elf/lib/
COLLECT_GCC_OPTIONS='-D' 'TARGET_FXCG50' '-v' '-m4-nofpu' '-mb' '-ffreestanding' '-nostdlib' '-o' 'CMakeFiles/cmTC_91edd.dir/CMakeCCompilerABI.c.obj' '-c' '-dumpdir' 'CMakeFiles/cmTC_91edd.dir/CMakeCCompilerABI.c.'
Linking C executable cmTC_91edd
/usr/bin/cmake -E cmake_link_script CMakeFiles/cmTC_91edd.dir/link.txt --verbose=1
/home/leet/.local/bin/sh-elf-gcc  -v -nostdlib -Wl,--no-warn-rwx-segments CMakeFiles/cmTC_91edd.dir/CMakeCCompilerABI.c.obj -o cmTC_91edd  -lgcc 
Using built-in specs.
COLLECT_GCC=/home/leet/.local/bin/sh-elf-gcc
COLLECT_LTO_WRAPPER=/home/leet/.local/share/fxsdk/sysroot/libexec/gcc/sh3eb-elf/11.1.0/lto-wrapper
Target: sh3eb-elf
Configured with: ../gcc-11.1.0/configure --prefix=/home/leet/.local/share/fxsdk/sysroot --target=sh3eb-elf --with-multilib-list=m3,m4-nofpu --enable-languages=c,c++ --without-headers --program-prefix=sh-elf- --enable-libssp --enable-lto --enable-clocale=generic --enable-libstdcxx-allocator --disable-threads --disable-libstdcxx-verbose --enable-cxx-flags=-fno-exceptions
Thread model: single
Supported LTO compression algorithms: zlib
gcc version 11.1.0 (GCC) 
COMPILER_PATH=/home/leet/.local/share/fxsdk/sysroot/libexec/gcc/sh3eb-elf/11.1.0/:/home/leet/.local/share/fxsdk/sysroot/libexec/gcc/sh3eb-elf/11.1.0/:/home/leet/.local/share/fxsdk/sysroot/libexec/gcc/sh3eb-elf/:/home/leet/.local/share/fxsdk/sysroot/lib/gcc/sh3eb-elf/11.1.0/:/home/leet/.local/share/fxsdk/sysroot/lib/gcc/sh3eb-elf/:/home/leet/.local/share/fxsdk/sysroot/lib/gcc/sh3eb-elf/11.1.0/../../../../sh3eb-elf/bin/
LIBRARY_PATH=/home/leet/.local/share/fxsdk/sysroot/lib/gcc/sh3eb-elf/11.1.0/:/home/leet/.local/share/fxsdk/sysroot/lib/gcc/sh3eb-elf/11.1.0/../../../../sh3eb-elf/lib/
COLLECT_GCC_OPTIONS='-v' '-nostdlib' '-o' 'cmTC_91edd' '-dumpdir' 'cmTC_91edd.'
 /home/leet/.local/share/fxsdk/sysroot/libexec/gcc/sh3eb-elf/11.1.0/collect2 -plugin /home/leet/.local/share/fxsdk/sysroot/libexec/gcc/sh3eb-elf/11.1.0/liblto_plugin.so -plugin-opt=/home/leet/.local/share/fxsdk/sysroot/libexec/gcc/sh3eb-elf/11.1.0/lto-wrapper -plugin-opt=-fresolution=/tmp/ccxv4EmI.res -m shelf -o cmTC_91edd -L/home/leet/.local/share/fxsdk/sysroot/lib/gcc/sh3eb-elf/11.1.0 -L/home/leet/.local/share/fxsdk/sysroot/lib/gcc/sh3eb-elf/11.1.0/../../../../sh3eb-elf/lib --no-warn-rwx-segments CMakeFiles/cmTC_91edd.dir/CMakeCCompilerABI.c.obj -lgcc
/home/leet/.local/share/fxsdk/sysroot/lib/gcc/sh3eb-elf/11.1.0/../../../../sh3eb-elf/bin/ld: warning: cannot find entry symbol start; defaulting to 0000000000001000
COLLECT_GCC_OPTIONS='-v' '-nostdlib' '-o' 'cmTC_91edd' '-dumpdir' 'cmTC_91edd.'
gmake[1]: Leaving directory '/home/leet/projects/Rust-Simplex/src/build-cg/CMakeFiles/CMakeTmp'



Parsed C implicit include dir info from above output: rv=done
  found start of include info
  found start of implicit include info
    add: [/home/leet/.local/share/fxsdk/sysroot/lib/gcc/sh3eb-elf/11.1.0/include]
    add: [/home/leet/.local/share/fxsdk/sysroot/lib/gcc/sh3eb-elf/11.1.0/include-fixed]
    add: [/home/leet/.local/share/fxsdk/sysroot/lib/gcc/sh3eb-elf/11.1.0/../../../../sh3eb-elf/include]
  end of search list found
  collapse include dir [/home/leet/.local/share/fxsdk/sysroot/lib/gcc/sh3eb-elf/11.1.0/include] ==> [/home/leet/.local/share/fxsdk/sysroot/lib/gcc/sh3eb-elf/11.1.0/include]
  collapse include dir [/home/leet/.local/share/fxsdk/sysroot/lib/gcc/sh3eb-elf/11.1.0/include-fixed] ==> [/home/leet/.local/share/fxsdk/sysroot/lib/gcc/sh3eb-elf/11.1.0/include-fixed]
  collapse include dir [/home/leet/.local/share/fxsdk/sysroot/lib/gcc/sh3eb-elf/11.1.0/../../../../sh3eb-elf/include] ==> [/home/leet/.local/share/fxsdk/sysroot/sh3eb-elf/include]
  implicit include dirs: [/home/leet/.local/share/fxsdk/sysroot/lib/gcc/sh3eb-elf/11.1.0/include;/home/leet/.local/share/fxsdk/sysroot/lib/gcc/sh3eb-elf/11.1.0/include-fixed;/home/leet/.local/share/fxsdk/sysroot/sh3eb-elf/include]


Parsed C implicit link information from above output:
  link line regex: [^( *|.*[/\])(sh-elf-ld|CMAKE_LINK_STARTFILE-NOTFOUND|([^/\]+-)?ld|collect2)[^/\]*( |$)]
  ignore line: [Change Dir: /home/leet/projects/Rust-Simplex/src/build-cg/CMakeFiles/CMakeTmp]
  ignore line: []
  ignore line: [Run Build Command(s):/usr/bin/gmake -f Makefile cmTC_91edd/fast && /usr/bin/gmake  -f CMakeFiles/cmTC_91edd.dir/build.make CMakeFiles/cmTC_91edd.dir/build]
  ignore line: [gmake[1]: Entering directory '/home/leet/projects/Rust-Simplex/src/build-cg/CMakeFiles/CMakeTmp']
  ignore line: [Building C object CMakeFiles/cmTC_91edd.dir/CMakeCCompilerABI.c.obj]
  ignore line: [/home/leet/.local/bin/sh-elf-gcc -DTARGET_FXCG50  -v -m4-nofpu -mb -ffreestanding -nostdlib -Wa --dsp -o CMakeFiles/cmTC_91edd.dir/CMakeCCompilerABI.c.obj -c /usr/share/cmake-3.24/Modules/CMakeCCompilerABI.c]
  ignore line: [Using built-in specs.]
  ignore line: [COLLECT_AS_OPTIONS='--dsp']
  ignore line: [COLLECT_GCC=/home/leet/.local/bin/sh-elf-gcc]
  ignore line: [Target: sh3eb-elf]
  ignore line: [Configured with: ../gcc-11.1.0/configure --prefix=/home/leet/.local/share/fxsdk/sysroot --target=sh3eb-elf --with-multilib-list=m3 m4-nofpu --enable-languages=c c++ --without-headers --program-prefix=sh-elf- --enable-libssp --enable-lto --enable-clocale=generic --enable-libstdcxx-allocator --disable-threads --disable-libstdcxx-verbose --enable-cxx-flags=-fno-exceptions]
  ignore line: [Thread model: single]
  ignore line: [Supported LTO compression algorithms: zlib]
  ignore line: [gcc version 11.1.0 (GCC) ]
  ignore line: [COLLECT_GCC_OPTIONS='-D' 'TARGET_FXCG50' '-v' '-m4-nofpu' '-mb' '-ffreestanding' '-nostdlib' '-o' 'CMakeFiles/cmTC_91edd.dir/CMakeCCompilerABI.c.obj' '-c' '-dumpdir' 'CMakeFiles/cmTC_91edd.dir/']
  ignore line: [ /home/leet/.local/share/fxsdk/sysroot/libexec/gcc/sh3eb-elf/11.1.0/cc1 -quiet -v -imultilib m4-nofpu -D TARGET_FXCG50 /usr/share/cmake-3.24/Modules/CMakeCCompilerABI.c -quiet -dumpdir CMakeFiles/cmTC_91edd.dir/ -dumpbase CMakeCCompilerABI.c.c -dumpbase-ext .c -m4-nofpu -mb -version -ffreestanding -o /tmp/ccH7Y2c4.s]
  ignore line: [GNU C17 (GCC) version 11.1.0 (sh3eb-elf)]
  ignore line: [	compiled by GNU C version 12.2.0  GMP version 6.1.0  MPFR version 3.1.4  MPC version 1.0.3  isl version isl-0.18-GMP]
  ignore line: []
  ignore line: [GGC heuristics: --param ggc-min-expand=100 --param ggc-min-heapsize=131072]
  ignore line: [ignoring nonexistent directory "/home/leet/.local/share/fxsdk/sysroot/lib/gcc/sh3eb-elf/11.1.0/../../../../sh3eb-elf/sys-include"]
  ignore line: [#include "..." search starts here:]
  ignore line: [#include <...> search starts here:]
  ignore line: [ /home/leet/.local/share/fxsdk/sysroot/lib/gcc/sh3eb-elf/11.1.0/include]
  ignore line: [ /home/leet/.local/share/fxsdk/sysroot/lib/gcc/sh3eb-elf/11.1.0/include-fixed]
  ignore line: [ /home/leet/.local/share/fxsdk/sysroot/lib/gcc/sh3eb-elf/11.1.0/../../../../sh3eb-elf/include]
  ignore line: [End of search list.]
  ignore line: [GNU C17 (GCC) version 11.1.0 (sh3eb-elf)]
  ignore line: [	compiled by GNU C version 12.2.0  GMP version 6.1.0  MPFR version 3.1.4  MPC version 1.0.3  isl version isl-0.18-GMP]
  ignore line: []
  ignore line: [GGC heuristics: --param ggc-min-expand=100 --param ggc-min-heapsize=131072]
  ignore line: [Compiler executable checksum: 95d81f54838af04987f1843d2c245d31]
  ignore line: [COLLECT_GCC_OPTIONS='-D' 'TARGET_FXCG50' '-v' '-m4-nofpu' '-mb' '-ffreestanding' '-nostdlib' '-o' 'CMakeFiles/cmTC_91edd.dir/CMakeCCompilerABI.c.obj' '-c' '-dumpdir' 'CMakeFiles/cmTC_91edd.dir/']
  ignore line: [ /home/leet/.local/share/fxsdk/sysroot/lib/gcc/sh3eb-elf/11.1.0/../../../../sh3eb-elf/bin/as -big --isa=sh4a-nofpu --dsp -o CMakeFiles/cmTC_91edd.dir/CMakeCCompilerABI.c.obj /tmp/ccH7Y2c4.s]
  ignore line: [COMPILER_PATH=/home/leet/.local/share/fxsdk/sysroot/libexec/gcc/sh3eb-elf/11.1.0/:/home/leet/.local/share/fxsdk/sysroot/libexec/gcc/sh3eb-elf/11.1.0/:/home/leet/.local/share/fxsdk/sysroot/libexec/gcc/sh3eb-elf/:/home/leet/.local/share/fxsdk/sysroot/lib/gcc/sh3eb-elf/11.1.0/:/home/leet/.local/share/fxsdk/sysroot/lib/gcc/sh3eb-elf/:/home/leet/.local/share/fxsdk/sysroot/lib/gcc/sh3eb-elf/11.1.0/../../../../sh3eb-elf/bin/]
  ignore line: [LIBRARY_PATH=/home/leet/.local/share/fxsdk/sysroot/lib/gcc/sh3eb-elf/11.1.0/m4-nofpu/:/home/leet/.local/share/fxsdk/sysroot/lib/gcc/sh3eb-elf/11.1.0/:/home/leet/.local/share/fxsdk/sysroot/lib/gcc/sh3eb-elf/11.1.0/../../../../sh3eb-elf/lib/]
  ignore line: [COLLECT_GCC_OPTIONS='-D' 'TARGET_FXCG50' '-v' '-m4-nofpu' '-mb' '-ffreestanding' '-nostdlib' '-o' 'CMakeFiles/cmTC_91edd.dir/CMakeCCompilerABI.c.obj' '-c' '-dumpdir' 'CMakeFiles/cmTC_91edd.dir/CMakeCCompilerABI.c.']
  ignore line: [Linking C executable cmTC_91edd]
  ignore line: [/usr/bin/cmake -E cmake_link_script CMakeFiles/cmTC_91edd.dir/link.txt --verbose=1]
  ignore line: [/home/leet/.local/bin/sh-elf-gcc  -v -nostdlib -Wl --no-warn-rwx-segments CMakeFiles/cmTC_91edd.dir/CMakeCCompilerABI.c.obj -o cmTC_91edd  -lgcc ]
  ignore line: [Using built-in specs.]
  ignore line: [COLLECT_GCC=/home/leet/.local/bin/sh-elf-gcc]
  ignore line: [COLLECT_LTO_WRAPPER=/home/leet/.local/share/fxsdk/sysroot/libexec/gcc/sh3eb-elf/11.1.0/lto-wrapper]
  ignore line: [Target: sh3eb-elf]
  ignore line: [Configured with: ../gcc-11.1.0/configure --prefix=/home/leet/.local/share/fxsdk/sysroot --target=sh3eb-elf --with-multilib-list=m3 m4-nofpu --enable-languages=c c++ --without-headers --program-prefix=sh-elf- --enable-libssp --enable-lto --enable-clocale=generic --enable-libstdcxx-allocator --disable-threads --disable-libstdcxx-verbose --enable-cxx-flags=-fno-exceptions]
  ignore line: [Thread model: single]
  ignore line: [Supported LTO compression algorithms: zlib]
  ignore line: [gcc version 11.1.0 (GCC) ]
  ignore line: [COMPILER_PATH=/home/leet/.local/share/fxsdk/sysroot/libexec/gcc/sh3eb-elf/11.1.0/:/home/leet/.local/share/fxsdk/sysroot/libexec/gcc/sh3eb-elf/11.1.0/:/home/leet/.local/share/fxsdk/sysroot/libexec/gcc/sh3eb-elf/:/home/leet/.local/share/fxsdk/sysroot/lib/gcc/sh3eb-elf/11.1.0/:/home/leet/.local/share/fxsdk/sysroot/lib/gcc/sh3eb-elf/:/home/leet/.local/share/fxsdk/sysroot/lib/gcc/sh3eb-elf/11.1.0/../../../../sh3eb-elf/bin/]
  ignore line: [LIBRARY_PATH=/home/leet/.local/share/fxsdk/sysroot/lib/gcc/sh3eb-elf/11.1.0/:/home/leet/.local/share/fxsdk/sysroot/lib/gcc/sh3eb-elf/11.1.0/../../../../sh3eb-elf/lib/]
  ignore line: [COLLECT_GCC_OPTIONS='-v' '-nostdlib' '-o' 'cmTC_91edd' '-dumpdir' 'cmTC_91edd.']
  link line: [ /home/leet/.local/share/fxsdk/sysroot/libexec/gcc/sh3eb-elf/11.1.0/collect2 -plugin /home/leet/.local/share/fxsdk/sysroot/libexec/gcc/sh3eb-elf/11.1.0/liblto_plugin.so -plugin-opt=/home/leet/.local/share/fxsdk/sysroot/libexec/gcc/sh3eb-elf/11.1.0/lto-wrapper -plugin-opt=-fresolution=/tmp/ccxv4EmI.res -m shelf -o cmTC_91edd -L/home/leet/.local/share/fxsdk/sysroot/lib/gcc/sh3eb-elf/11.1.0 -L/home/leet/.local/share/fxsdk/sysroot/lib/gcc/sh3eb-elf/11.1.0/../../../../sh3eb-elf/lib --no-warn-rwx-segments CMakeFiles/cmTC_91edd.dir/CMakeCCompilerABI.c.obj -lgcc]
    arg [/home/leet/.local/share/fxsdk/sysroot/libexec/gcc/sh3eb-elf/11.1.0/collect2] ==> ignore
    arg [-plugin] ==> ignore
    arg [/home/leet/.local/share/fxsdk/sysroot/libexec/gcc/sh3eb-elf/11.1.0/liblto_plugin.so] ==> ignore
    arg [-plugin-opt=/home/leet/.local/share/fxsdk/sysroot/libexec/gcc/sh3eb-elf/11.1.0/lto-wrapper] ==> ignore
    arg [-plugin-opt=-fresolution=/tmp/ccxv4EmI.res] ==> ignore
    arg [-m] ==> ignore
    arg [shelf] ==> ignore
    arg [-o] ==> ignore
    arg [cmTC_91edd] ==> ignore
    arg [-L/home/leet/.local/share/fxsdk/sysroot/lib/gcc/sh3eb-elf/11.1.0] ==> dir [/home/leet/.local/share/fxsdk/sysroot/lib/gcc/sh3eb-elf/11.1.0]
    arg [-L/home/leet/.local/share/fxsdk/sysroot/lib/gcc/sh3eb-elf/11.1.0/../../../../sh3eb-elf/lib] ==> dir [/home/leet/.local/share/fxsdk/sysroot/lib/gcc/sh3eb-elf/11.1.0/../../../../sh3eb-elf/lib]
    arg [--no-warn-rwx-segments] ==> ignore
    arg [CMakeFiles/cmTC_91edd.dir/CMakeCCompilerABI.c.obj] ==> ignore
    arg [-lgcc] ==> lib [gcc]
  collapse library dir [/home/leet/.local/share/fxsdk/sysroot/lib/gcc/sh3eb-elf/11.1.0] ==> [/home/leet/.local/share/fxsdk/sysroot/lib/gcc/sh3eb-elf/11.1.0]
  collapse library dir [/home/leet/.local/share/fxsdk/sysroot/lib/gcc/sh3eb-elf/11.1.0/../../../../sh3eb-elf/lib] ==> [/home/leet/.local/share/fxsdk/sysroot/sh3eb-elf/lib]
  implicit libs: [gcc]
  implicit objs: []
  implicit dirs: [/home/leet/.local/share/fxsdk/sysroot/lib/gcc/sh3eb-elf/11.1.0;/home/leet/.local/share/fxsdk/sysroot/sh3eb-elf/lib]
  implicit fwks: []


Detecting CXX compiler ABI info compiled with the following output:
Change Dir: /home/leet/projects/Rust-Simplex/src/build-cg/CMakeFiles/CMakeTmp

Run Build Command(s):/usr/bin/gmake -f Makefile cmTC_6b831/fast && /usr/bin/gmake  -f CMakeFiles/cmTC_6b831.dir/build.make CMakeFiles/cmTC_6b831.dir/build
gmake[1]: Entering directory '/home/leet/projects/Rust-Simplex/src/build-cg/CMakeFiles/CMakeTmp'
Building CXX object CMakeFiles/cmTC_6b831.dir/CMakeCXXCompilerABI.cpp.obj
/home/leet/.local/bin/sh-elf-g++ -DTARGET_FXCG50  -v -m4-nofpu -mb -ffreestanding -nostdlib -Wa,--dsp -o CMakeFiles/cmTC_6b831.dir/CMakeCXXCompilerABI.cpp.obj -c /usr/share/cmake-3.24/Modules/CMakeCXXCompilerABI.cpp
Using built-in specs.
COLLECT_AS_OPTIONS='--dsp'
COLLECT_GCC=/home/leet/.local/bin/sh-elf-g++
Target: sh3eb-elf
Configured with: ../gcc-11.1.0/configure --prefix=/home/leet/.local/share/fxsdk/sysroot --target=sh3eb-elf --with-multilib-list=m3,m4-nofpu --enable-languages=c,c++ --without-headers --program-prefix=sh-elf- --enable-libssp --enable-lto --enable-clocale=generic --enable-libstdcxx-allocator --disable-threads --disable-libstdcxx-verbose --enable-cxx-flags=-fno-exceptions
Thread model: single
Supported LTO compression algorithms: zlib
gcc version 11.1.0 (GCC) 
COLLECT_GCC_OPTIONS='-D' 'TARGET_FXCG50' '-v' '-m4-nofpu' '-mb' '-ffreestanding' '-nostdlib' '-o' 'CMakeFiles/cmTC_6b831.dir/CMakeCXXCompilerABI.cpp.obj' '-c' '-dumpdir' 'CMakeFiles/cmTC_6b831.dir/'
 /home/leet/.local/share/fxsdk/sysroot/libexec/gcc/sh3eb-elf/11.1.0/cc1plus -quiet -v -imultilib m4-nofpu -D TARGET_FXCG50 /usr/share/cmake-3.24/Modules/CMakeCXXCompilerABI.cpp -quiet -dumpdir CMakeFiles/cmTC_6b831.dir/ -dumpbase CMakeCXXCompilerABI.cpp.cpp -dumpbase-ext .cpp -m4-nofpu -mb -version -ffreestanding -o /tmp/ccKKubwz.s
GNU C++17 (GCC) version 11.1.0 (sh3eb-elf)
	compiled by GNU C version 12.2.0, GMP version 6.1.0, MPFR version 3.1.4, MPC version 1.0.3, isl version isl-0.18-GMP

GGC heuristics: --param ggc-min-expand=100 --param ggc-min-heapsize=131072
ignoring nonexistent directory "/home/leet/.local/share/fxsdk/sysroot/lib/gcc/sh3eb-elf/11.1.0/../../../../sh3eb-elf/include/c++/11.1.0"
ignoring nonexistent directory "/home/leet/.local/share/fxsdk/sysroot/lib/gcc/sh3eb-elf/11.1.0/../../../../sh3eb-elf/include/c++/11.1.0/sh3eb-elf/m4-nofpu"
ignoring nonexistent directory "/home/leet/.local/share/fxsdk/sysroot/lib/gcc/sh3eb-elf/11.1.0/../../../../sh3eb-elf/include/c++/11.1.0/backward"
ignoring nonexistent directory "/home/leet/.local/share/fxsdk/sysroot/lib/gcc/sh3eb-elf/11.1.0/../../../../sh3eb-elf/sys-include"
#include "..." search starts here:
#include <...> search starts here:
 /home/leet/.local/share/fxsdk/sysroot/lib/gcc/sh3eb-elf/11.1.0/include
 /home/leet/.local/share/fxsdk/sysroot/lib/gcc/sh3eb-elf/11.1.0/include-fixed
 /home/leet/.local/share/fxsdk/sysroot/lib/gcc/sh3eb-elf/11.1.0/../../../../sh3eb-elf/include
End of search list.
GNU C++17 (GCC) version 11.1.0 (sh3eb-elf)
	compiled by GNU C version 12.2.0, GMP version 6.1.0, MPFR version 3.1.4, MPC version 1.0.3, isl version isl-0.18-GMP

GGC heuristics: --param ggc-min-expand=100 --param ggc-min-heapsize=131072
Compiler executable checksum: 18c70d3e5c3f3bcd67e9e72ff4175716
COLLECT_GCC_OPTIONS='-D' 'TARGET_FXCG50' '-v' '-m4-nofpu' '-mb' '-ffreestanding' '-nostdlib' '-o' 'CMakeFiles/cmTC_6b831.dir/CMakeCXXCompilerABI.cpp.obj' '-c' '-dumpdir' 'CMakeFiles/cmTC_6b831.dir/'
 /home/leet/.local/share/fxsdk/sysroot/lib/gcc/sh3eb-elf/11.1.0/../../../../sh3eb-elf/bin/as -big --isa=sh4a-nofpu --dsp -o CMakeFiles/cmTC_6b831.dir/CMakeCXXCompilerABI.cpp.obj /tmp/ccKKubwz.s
COMPILER_PATH=/home/leet/.local/share/fxsdk/sysroot/libexec/gcc/sh3eb-elf/11.1.0/:/home/leet/.local/share/fxsdk/sysroot/libexec/gcc/sh3eb-elf/11.1.0/:/home/leet/.local/share/fxsdk/sysroot/libexec/gcc/sh3eb-elf/:/home/leet/.local/share/fxsdk/sysroot/lib/gcc/sh3eb-elf/11.1.0/:/home/leet/.local/share/fxsdk/sysroot/lib/gcc/sh3eb-elf/:/home/leet/.local/share/fxsdk/sysroot/lib/gcc/sh3eb-elf/11.1.0/../../../../sh3eb-elf/bin/
LIBRARY_PATH=/home/leet/.local/share/fxsdk/sysroot/lib/gcc/sh3eb-elf/11.1.0/m4-nofpu/:/home/leet/.local/share/fxsdk/sysroot/lib/gcc/sh3eb-elf/11.1.0/:/home/leet/.local/share/fxsdk/sysroot/lib/gcc/sh3eb-elf/11.1.0/../../../../sh3eb-elf/lib/
COLLECT_GCC_OPTIONS='-D' 'TARGET_FXCG50' '-v' '-m4-nofpu' '-mb' '-ffreestanding' '-nostdlib' '-o' 'CMakeFiles/cmTC_6b831.dir/CMakeCXXCompilerABI.cpp.obj' '-c' '-dumpdir' 'CMakeFiles/cmTC_6b831.dir/CMakeCXXCompilerABI.cpp.'
Linking CXX executable cmTC_6b831
/usr/bin/cmake -E cmake_link_script CMakeFiles/cmTC_6b831.dir/link.txt --verbose=1
/home/leet/.local/bin/sh-elf-g++  -v -nostdlib -Wl,--no-warn-rwx-segments CMakeFiles/cmTC_6b831.dir/CMakeCXXCompilerABI.cpp.obj -o cmTC_6b831  -lgcc 
Using built-in specs.
COLLECT_GCC=/home/leet/.local/bin/sh-elf-g++
COLLECT_LTO_WRAPPER=/home/leet/.local/share/fxsdk/sysroot/libexec/gcc/sh3eb-elf/11.1.0/lto-wrapper
Target: sh3eb-elf
Configured with: ../gcc-11.1.0/configure --prefix=/home/leet/.local/share/fxsdk/sysroot --target=sh3eb-elf --with-multilib-list=m3,m4-nofpu --enable-languages=c,c++ --without-headers --program-prefix=sh-elf- --enable-libssp --enable-lto --enable-clocale=generic --enable-libstdcxx-allocator --disable-threads --disable-libstdcxx-verbose --enable-cxx-flags=-fno-exceptions
Thread model: single
Supported LTO compression algorithms: zlib
gcc version 11.1.0 (GCC) 
COMPILER_PATH=/home/leet/.local/share/fxsdk/sysroot/libexec/gcc/sh3eb-elf/11.1.0/:/home/leet/.local/share/fxsdk/sysroot/libexec/gcc/sh3eb-elf/11.1.0/:/home/leet/.local/share/fxsdk/sysroot/libexec/gcc/sh3eb-elf/:/home/leet/.local/share/fxsdk/sysroot/lib/gcc/sh3eb-elf/11.1.0/:/home/leet/.local/share/fxsdk/sysroot/lib/gcc/sh3eb-elf/:/home/leet/.local/share/fxsdk/sysroot/lib/gcc/sh3eb-elf/11.1.0/../../../../sh3eb-elf/bin/
LIBRARY_PATH=/home/leet/.local/share/fxsdk/sysroot/lib/gcc/sh3eb-elf/11.1.0/:/home/leet/.local/share/fxsdk/sysroot/lib/gcc/sh3eb-elf/11.1.0/../../../../sh3eb-elf/lib/
COLLECT_GCC_OPTIONS='-v' '-nostdlib' '-o' 'cmTC_6b831' '-dumpdir' 'cmTC_6b831.'
 /home/leet/.local/share/fxsdk/sysroot/libexec/gcc/sh3eb-elf/11.1.0/collect2 -plugin /home/leet/.local/share/fxsdk/sysroot/libexec/gcc/sh3eb-elf/11.1.0/liblto_plugin.so -plugin-opt=/home/leet/.local/share/fxsdk/sysroot/libexec/gcc/sh3eb-elf/11.1.0/lto-wrapper -plugin-opt=-fresolution=/tmp/ccY4cYb3.res -m shelf -o cmTC_6b831 -L/home/leet/.local/share/fxsdk/sysroot/lib/gcc/sh3eb-elf/11.1.0 -L/home/leet/.local/share/fxsdk/sysroot/lib/gcc/sh3eb-elf/11.1.0/../../../../sh3eb-elf/lib --no-warn-rwx-segments CMakeFiles/cmTC_6b831.dir/CMakeCXXCompilerABI.cpp.obj -lgcc
/home/leet/.local/share/fxsdk/sysroot/lib/gcc/sh3eb-elf/11.1.0/../../../../sh3eb-elf/bin/ld: warning: cannot find entry symbol start; defaulting to 0000000000001000
COLLECT_GCC_OPTIONS='-v' '-nostdlib' '-o' 'cmTC_6b831' '-dumpdir' 'cmTC_6b831.'
gmake[1]: Leaving directory '/home/leet/projects/Rust-Simplex/src/build-cg/CMakeFiles/CMakeTmp'



Parsed CXX implicit include dir info from above output: rv=done
  found start of include info
  found start of implicit include info
    add: [/home/leet/.local/share/fxsdk/sysroot/lib/gcc/sh3eb-elf/11.1.0/include]
    add: [/home/leet/.local/share/fxsdk/sysroot/lib/gcc/sh3eb-elf/11.1.0/include-fixed]
    add: [/home/leet/.local/share/fxsdk/sysroot/lib/gcc/sh3eb-elf/11.1.0/../../../../sh3eb-elf/include]
  end of search list found
  collapse include dir [/home/leet/.local/share/fxsdk/sysroot/lib/gcc/sh3eb-elf/11.1.0/include] ==> [/home/leet/.local/share/fxsdk/sysroot/lib/gcc/sh3eb-elf/11.1.0/include]
  collapse include dir [/home/leet/.local/share/fxsdk/sysroot/lib/gcc/sh3eb-elf/11.1.0/include-fixed] ==> [/home/leet/.local/share/fxsdk/sysroot/lib/gcc/sh3eb-elf/11.1.0/include-fixed]
  collapse include dir [/home/leet/.local/share/fxsdk/sysroot/lib/gcc/sh3eb-elf/11.1.0/../../../../sh3eb-elf/include] ==> [/home/leet/.local/share/fxsdk/sysroot/sh3eb-elf/include]
  implicit include dirs: [/home/leet/.local/share/fxsdk/sysroot/lib/gcc/sh3eb-elf/11.1.0/include;/home/leet/.local/share/fxsdk/sysroot/lib/gcc/sh3eb-elf/11.1.0/include-fixed;/home/leet/.local/share/fxsdk/sysroot/sh3eb-elf/include]


Parsed CXX implicit link information from above output:
  link line regex: [^( *|.*[/\])(sh-elf-ld|CMAKE_LINK_STARTFILE-NOTFOUND|([^/\]+-)?ld|collect2)[^/\]*( |$)]
  ignore line: [Change Dir: /home/leet/projects/Rust-Simplex/src/build-cg/CMakeFiles/CMakeTmp]
  ignore line: []
  ignore line: [Run Build Command(s):/usr/bin/gmake -f Makefile cmTC_6b831/fast && /usr/bin/gmake  -f CMakeFiles/cmTC_6b831.dir/build.make CMakeFiles/cmTC_6b831.dir/build]
  ignore line: [gmake[1]: Entering directory '/home/leet/projects/Rust-Simplex/src/build-cg/CMakeFiles/CMakeTmp']
  ignore line: [Building CXX object CMakeFiles/cmTC_6b831.dir/CMakeCXXCompilerABI.cpp.obj]
  ignore line: [/home/leet/.local/bin/sh-elf-g++ -DTARGET_FXCG50  -v -m4-nofpu -mb -ffreestanding -nostdlib -Wa --dsp -o CMakeFiles/cmTC_6b831.dir/CMakeCXXCompilerABI.cpp.obj -c /usr/share/cmake-3.24/Modules/CMakeCXXCompilerABI.cpp]
  ignore line: [Using built-in specs.]
  ignore line: [COLLECT_AS_OPTIONS='--dsp']
  ignore line: [COLLECT_GCC=/home/leet/.local/bin/sh-elf-g++]
  ignore line: [Target: sh3eb-elf]
  ignore line: [Configured with: ../gcc-11.1.0/configure --prefix=/home/leet/.local/share/fxsdk/sysroot --target=sh3eb-elf --with-multilib-list=m3 m4-nofpu --enable-languages=c c++ --without-headers --program-prefix=sh-elf- --enable-libssp --enable-lto --enable-clocale=generic --enable-libstdcxx-allocator --disable-threads --disable-libstdcxx-verbose --enable-cxx-flags=-fno-exceptions]
  ignore line: [Thread model: single]
  ignore line: [Supported LTO compression algorithms: zlib]
  ignore line: [gcc version 11.1.0 (GCC) ]
  ignore line: [COLLECT_GCC_OPTIONS='-D' 'TARGET_FXCG50' '-v' '-m4-nofpu' '-mb' '-ffreestanding' '-nostdlib' '-o' 'CMakeFiles/cmTC_6b831.dir/CMakeCXXCompilerABI.cpp.obj' '-c' '-dumpdir' 'CMakeFiles/cmTC_6b831.dir/']
  ignore line: [ /home/leet/.local/share/fxsdk/sysroot/libexec/gcc/sh3eb-elf/11.1.0/cc1plus -quiet -v -imultilib m4-nofpu -D TARGET_FXCG50 /usr/share/cmake-3.24/Modules/CMakeCXXCompilerABI.cpp -quiet -dumpdir CMakeFiles/cmTC_6b831.dir/ -dumpbase CMakeCXXCompilerABI.cpp.cpp -dumpbase-ext .cpp -m4-nofpu -mb -version -ffreestanding -o /tmp/ccKKubwz.s]
  ignore line: [GNU C++17 (GCC) version 11.1.0 (sh3eb-elf)]
  ignore line: [	compiled by GNU C version 12.2.0  GMP version 6.1.0  MPFR version 3.1.4  MPC version 1.0.3  isl version isl-0.18-GMP]
  ignore line: []
  ignore line: [GGC heuristics: --param ggc-min-expand=100 --param ggc-min-heapsize=131072]
  ignore line: [ignoring nonexistent directory "/home/leet/.local/share/fxsdk/sysroot/lib/gcc/sh3eb-elf/11.1.0/../../../../sh3eb-elf/include/c++/11.1.0"]
  ignore line: [ignoring nonexistent directory "/home/leet/.local/share/fxsdk/sysroot/lib/gcc/sh3eb-elf/11.1.0/../../../../sh3eb-elf/include/c++/11.1.0/sh3eb-elf/m4-nofpu"]
  ignore line: [ignoring nonexistent directory "/home/leet/.local/share/fxsdk/sysroot/lib/gcc/sh3eb-elf/11.1.0/../../../../sh3eb-elf/include/c++/11.1.0/backward"]
  ignore line: [ignoring nonexistent directory "/home/leet/.local/share/fxsdk/sysroot/lib/gcc/sh3eb-elf/11.1.0/../../../../sh3eb-elf/sys-include"]
  ignore line: [#include "..." search starts here:]
  ignore line: [#include <...> search starts here:]
  ignore line: [ /home/leet/.local/share/fxsdk/sysroot/lib/gcc/sh3eb-elf/11.1.0/include]
  ignore line: [ /home/leet/.local/share/fxsdk/sysroot/lib/gcc/sh3eb-elf/11.1.0/include-fixed]
  ignore line: [ /home/leet/.local/share/fxsdk/sysroot/lib/gcc/sh3eb-elf/11.1.0/../../../../sh3eb-elf/include]
  ignore line: [End of search list.]
  ignore line: [GNU C++17 (GCC) version 11.1.0 (sh3eb-elf)]
  ignore line: [	compiled by GNU C version 12.2.0  GMP version 6.1.0  MPFR version 3.1.4  MPC version 1.0.3  isl version isl-0.18-GMP]
  ignore line: []
  ignore line: [GGC heuristics: --param ggc-min-expand=100 --param ggc-min-heapsize=131072]
  ignore line: [Compiler executable checksum: 18c70d3e5c3f3bcd67e9e72ff4175716]
  ignore line: [COLLECT_GCC_OPTIONS='-D' 'TARGET_FXCG50' '-v' '-m4-nofpu' '-mb' '-ffreestanding' '-nostdlib' '-o' 'CMakeFiles/cmTC_6b831.dir/CMakeCXXCompilerABI.cpp.obj' '-c' '-dumpdir' 'CMakeFiles/cmTC_6b831.dir/']
  ignore line: [ /home/leet/.local/share/fxsdk/sysroot/lib/gcc/sh3eb-elf/11.1.0/../../../../sh3eb-elf/bin/as -big --isa=sh4a-nofpu --dsp -o CMakeFiles/cmTC_6b831.dir/CMakeCXXCompilerABI.cpp.obj /tmp/ccKKubwz.s]
  ignore line: [COMPILER_PATH=/home/leet/.local/share/fxsdk/sysroot/libexec/gcc/sh3eb-elf/11.1.0/:/home/leet/.local/share/fxsdk/sysroot/libexec/gcc/sh3eb-elf/11.1.0/:/home/leet/.local/share/fxsdk/sysroot/libexec/gcc/sh3eb-elf/:/home/leet/.local/share/fxsdk/sysroot/lib/gcc/sh3eb-elf/11.1.0/:/home/leet/.local/share/fxsdk/sysroot/lib/gcc/sh3eb-elf/:/home/leet/.local/share/fxsdk/sysroot/lib/gcc/sh3eb-elf/11.1.0/../../../../sh3eb-elf/bin/]
  ignore line: [LIBRARY_PATH=/home/leet/.local/share/fxsdk/sysroot/lib/gcc/sh3eb-elf/11.1.0/m4-nofpu/:/home/leet/.local/share/fxsdk/sysroot/lib/gcc/sh3eb-elf/11.1.0/:/home/leet/.local/share/fxsdk/sysroot/lib/gcc/sh3eb-elf/11.1.0/../../../../sh3eb-elf/lib/]
  ignore line: [COLLECT_GCC_OPTIONS='-D' 'TARGET_FXCG50' '-v' '-m4-nofpu' '-mb' '-ffreestanding' '-nostdlib' '-o' 'CMakeFiles/cmTC_6b831.dir/CMakeCXXCompilerABI.cpp.obj' '-c' '-dumpdir' 'CMakeFiles/cmTC_6b831.dir/CMakeCXXCompilerABI.cpp.']
  ignore line: [Linking CXX executable cmTC_6b831]
  ignore line: [/usr/bin/cmake -E cmake_link_script CMakeFiles/cmTC_6b831.dir/link.txt --verbose=1]
  ignore line: [/home/leet/.local/bin/sh-elf-g++  -v -nostdlib -Wl --no-warn-rwx-segments CMakeFiles/cmTC_6b831.dir/CMakeCXXCompilerABI.cpp.obj -o cmTC_6b831  -lgcc ]
  ignore line: [Using built-in specs.]
  ignore line: [COLLECT_GCC=/home/leet/.local/bin/sh-elf-g++]
  ignore line: [COLLECT_LTO_WRAPPER=/home/leet/.local/share/fxsdk/sysroot/libexec/gcc/sh3eb-elf/11.1.0/lto-wrapper]
  ignore line: [Target: sh3eb-elf]
  ignore line: [Configured with: ../gcc-11.1.0/configure --prefix=/home/leet/.local/share/fxsdk/sysroot --target=sh3eb-elf --with-multilib-list=m3 m4-nofpu --enable-languages=c c++ --without-headers --program-prefix=sh-elf- --enable-libssp --enable-lto --enable-clocale=generic --enable-libstdcxx-allocator --disable-threads --disable-libstdcxx-verbose --enable-cxx-flags=-fno-exceptions]
  ignore line: [Thread model: single]
  ignore line: [Supported LTO compression algorithms: zlib]
  ignore line: [gcc version 11.1.0 (GCC) ]
  ignore line: [COMPILER_PATH=/home/leet/.local/share/fxsdk/sysroot/libexec/gcc/sh3eb-elf/11.1.0/:/home/leet/.local/share/fxsdk/sysroot/libexec/gcc/sh3eb-elf/11.1.0/:/home/leet/.local/share/fxsdk/sysroot/libexec/gcc/sh3eb-elf/:/home/leet/.local/share/fxsdk/sysroot/lib/gcc/sh3eb-elf/11.1.0/:/home/leet/.local/share/fxsdk/sysroot/lib/gcc/sh3eb-elf/:/home/leet/.local/share/fxsdk/sysroot/lib/gcc/sh3eb-elf/11.1.0/../../../../sh3eb-elf/bin/]
  ignore line: [LIBRARY_PATH=/home/leet/.local/share/fxsdk/sysroot/lib/gcc/sh3eb-elf/11.1.0/:/home/leet/.local/share/fxsdk/sysroot/lib/gcc/sh3eb-elf/11.1.0/../../../../sh3eb-elf/lib/]
  ignore line: [COLLECT_GCC_OPTIONS='-v' '-nostdlib' '-o' 'cmTC_6b831' '-dumpdir' 'cmTC_6b831.']
  link line: [ /home/leet/.local/share/fxsdk/sysroot/libexec/gcc/sh3eb-elf/11.1.0/collect2 -plugin /home/leet/.local/share/fxsdk/sysroot/libexec/gcc/sh3eb-elf/11.1.0/liblto_plugin.so -plugin-opt=/home/leet/.local/share/fxsdk/sysroot/libexec/gcc/sh3eb-elf/11.1.0/lto-wrapper -plugin-opt=-fresolution=/tmp/ccY4cYb3.res -m shelf -o cmTC_6b831 -L/home/leet/.local/share/fxsdk/sysroot/lib/gcc/sh3eb-elf/11.1.0 -L/home/leet/.local/share/fxsdk/sysroot/lib/gcc/sh3eb-elf/11.1.0/../../../../sh3eb-elf/lib --no-warn-rwx-segments CMakeFiles/cmTC_6b831.dir/CMakeCXXCompilerABI.cpp.obj -lgcc]
    arg [/home/leet/.local/share/fxsdk/sysroot/libexec/gcc/sh3eb-elf/11.1.0/collect2] ==> ignore
    arg [-plugin] ==> ignore
    arg [/home/leet/.local/share/fxsdk/sysroot/libexec/gcc/sh3eb-elf/11.1.0/liblto_plugin.so] ==> ignore
    arg [-plugin-opt=/home/leet/.local/share/fxsdk/sysroot/libexec/gcc/sh3eb-elf/11.1.0/lto-wrapper] ==> ignore
    arg [-plugin-opt=-fresolution=/tmp/ccY4cYb3.res] ==> ignore
    arg [-m] ==> ignore
    arg [shelf] ==> ignore
    arg [-o] ==> ignore
    arg [cmTC_6b831] ==> ignore
    arg [-L/home/leet/.local/share/fxsdk/sysroot/lib/gcc/sh3eb-elf/11.1.0] ==> dir [/home/leet/.local/share/fxsdk/sysroot/lib/gcc/sh3eb-elf/11.1.0]
    arg [-L/home/leet/.local/share/fxsdk/sysroot/lib/gcc/sh3eb-elf/11.1.0/../../../../sh3eb-elf/lib] ==> dir [/home/leet/.local/share/fxsdk/sysroot/lib/gcc/sh3eb-elf/11.1.0/../../../../sh3eb-elf/lib]
    arg [--no-warn-rwx-segments] ==> ignore
    arg [CMakeFiles/cmTC_6b831.dir/CMakeCXXCompilerABI.cpp.obj] ==> ignore
    arg [-lgcc] ==> lib [gcc]
  collapse library dir [/home/leet/.local/share/fxsdk/sysroot/lib/gcc/sh3eb-elf/11.1.0] ==> [/home/leet/.local/share/fxsdk/sysroot/lib/gcc/sh3eb-elf/11.1.0]
  collapse library dir [/home/leet/.local/share/fxsdk/sysroot/lib/gcc/sh3eb-elf/11.1.0/../../../../sh3eb-elf/lib] ==> [/home/leet/.local/share/fxsdk/sysroot/sh3eb-elf/lib]
  implicit libs: [gcc]
  implicit objs: []
  implicit dirs: [/home/leet/.local/share/fxsdk/sysroot/lib/gcc/sh3eb-elf/11.1.0;/home/leet/.local/share/fxsdk/sysroot/sh3eb-elf/lib]
  implicit fwks: []


